[01m[K/home/swapnil/ros2_ws/src/my_cpp_pkg/src/my_first_node.cpp:[m[K In constructor â€˜[01m[KMyNode::MyNode()[m[Kâ€™:
[01m[K/home/swapnil/ros2_ws/src/my_cpp_pkg/src/my_first_node.cpp:9:23:[m[K [01;31m[Kerror: [m[Krequest for member â€˜[01m[Kcreate_wall_timer[m[Kâ€™ in â€˜[01m[K(MyNode*)this[m[Kâ€™, which is of pointer type â€˜[01m[KMyNode*[m[Kâ€™ (maybe you meant to use â€˜[01m[K->[m[Kâ€™ ?)
    9 |         timer_ = this.[01;31m[Kcreate_wall_timer[m[K(
      |                       [01;31m[K^~~~~~~~~~~~~~~~~[m[K
gmake[2]: *** [CMakeFiles/cpp_node.dir/build.make:76: CMakeFiles/cpp_node.dir/src/my_first_node.cpp.o] Error 1
gmake[1]: *** [CMakeFiles/Makefile2:137: CMakeFiles/cpp_node.dir/all] Error 2
gmake: *** [Makefile:146: all] Error 2
