[0.035s] Invoking command in '/home/swapnil/ros2_ws/build/my_cpp_pkg': CMAKE_PREFIX_PATH=${CMAKE_PREFIX_PATH}:/home/swapnil/ros2_ws/install/my_py_pkg:/opt/ros/humble /usr/bin/cmake --build /home/swapnil/ros2_ws/build/my_cpp_pkg -- -j7 -l7
[0.078s] [35m[1mConsolidate compiler generated dependencies of target cpp_node[0m
[0.090s] [ 50%] [32mBuilding CXX object CMakeFiles/cpp_node.dir/src/my_first_node.cpp.o[0m
[1.501s] [01m[K/home/swapnil/ros2_ws/src/my_cpp_pkg/src/my_first_node.cpp:[m[K In constructor â€˜[01m[KMyNode::MyNode()[m[Kâ€™:
[1.501s] [01m[K/home/swapnil/ros2_ws/src/my_cpp_pkg/src/my_first_node.cpp:9:23:[m[K [01;31m[Kerror: [m[Krequest for member â€˜[01m[Kcreate_wall_timer[m[Kâ€™ in â€˜[01m[K(MyNode*)this[m[Kâ€™, which is of pointer type â€˜[01m[KMyNode*[m[Kâ€™ (maybe you meant to use â€˜[01m[K->[m[Kâ€™ ?)
[1.501s]     9 |         timer_ = this.[01;31m[Kcreate_wall_timer[m[K(
[1.501s]       |                       [01;31m[K^~~~~~~~~~~~~~~~~[m[K
[1.798s] gmake[2]: *** [CMakeFiles/cpp_node.dir/build.make:76: CMakeFiles/cpp_node.dir/src/my_first_node.cpp.o] Error 1
[1.798s] gmake[1]: *** [CMakeFiles/Makefile2:137: CMakeFiles/cpp_node.dir/all] Error 2
[1.813s] gmake: *** [Makefile:146: all] Error 2
[1.815s] Invoked command in '/home/swapnil/ros2_ws/build/my_cpp_pkg' returned '2': CMAKE_PREFIX_PATH=${CMAKE_PREFIX_PATH}:/home/swapnil/ros2_ws/install/my_py_pkg:/opt/ros/humble /usr/bin/cmake --build /home/swapnil/ros2_ws/build/my_cpp_pkg -- -j7 -l7
