<?xml version="1.0" encoding="UTF-8"?>
<Site BuildName="(empty)"
	BuildStamp="20231220-1449-Experimental"
	Name="swapnil-vm"
	Generator="ctest-3.22.1"
	CompilerName="/usr/bin/g++"
	CompilerVersion="11.4.0"
	OSName="Linux"
	Hostname="swapnil-vm"
	OSRelease="6.2.0-39-generic"
	OSVersion="#40~22.04.1-Ubuntu SMP PREEMPT_DYNAMIC Thu Nov 16 10:53:04 UTC 2"
	OSPlatform="x86_64"
	Is64Bits="1"
	VendorString="GenuineIntel"
	VendorID="Intel Corporation"
	FamilyID="6"
	ModelID="154"
	ProcessorCacheSize="24576"
	NumberOfLogicalCPU="7"
	NumberOfPhysicalCPU="7"
	TotalVirtualMemory="2047"
	TotalPhysicalMemory="5818"
	LogicalProcessorsPerPhysical="1"
	ProcessorClockFrequency="2688.01"
	>
	<Testing>
		<StartDateTime>Dec 20 20:31 IST</StartDateTime>
		<StartTestTime>1703084465</StartTestTime>
		<TestList/>
		<EndDateTime>Dec 20 20:31 IST</EndDateTime>
		<EndTestTime>1703084465</EndTestTime>
		<ElapsedMinutes>0</ElapsedMinutes>
	</Testing>
</Site>
