[01m[K/home/swapnil/ros2_ws/src/my_cpp_pkg/src/my_first_node.cpp:[m[K In function â€˜[01m[Kint main(int, char**)[m[Kâ€™:
[01m[K/home/swapnil/ros2_ws/src/my_cpp_pkg/src/my_first_node.cpp:10:5:[m[K [01;31m[Kerror: [m[Kâ€˜[01m[KRCLCPP__INFO[m[Kâ€™ was not declared in this scope; did you mean â€˜[01m[KRCLCPP_INFO[m[Kâ€™?
   10 |     [01;31m[KRCLCPP__INFO[m[K(node->get_logger(),"Hello cpp Node");
      |     [01;31m[K^~~~~~~~~~~~[m[K
      |     [32m[KRCLCPP_INFO[m[K
gmake[2]: *** [CMakeFiles/cpp_node.dir/build.make:76: CMakeFiles/cpp_node.dir/src/my_first_node.cpp.o] Error 1
gmake[1]: *** [CMakeFiles/Makefile2:137: CMakeFiles/cpp_node.dir/all] Error 2
gmake: *** [Makefile:146: all] Error 2
