[0.044s] Invoking command in '/home/swapnil/ros2_ws/build/my_cpp_pkg': CMAKE_PREFIX_PATH=${CMAKE_PREFIX_PATH}:/home/swapnil/ros2_ws/install/my_py_pkg:/opt/ros/humble /usr/bin/cmake --build /home/swapnil/ros2_ws/build/my_cpp_pkg -- -j7 -l7
[0.085s] [35m[1mConsolidate compiler generated dependencies of target smartphone[0m
[0.096s] [ 33%] Built target cpp_node
[0.096s] [ 66%] Built target robot_news_station
[0.099s] [ 83%] [32mBuilding CXX object CMakeFiles/smartphone.dir/src/smartphone.cpp.o[0m
[1.485s] [01m[K/home/swapnil/ros2_ws/src/my_cpp_pkg/src/smartphone.cpp:[m[K In constructor â€˜[01m[KSmartphoneNode::SmartphoneNode()[m[Kâ€™:
[1.486s] [01m[K/home/swapnil/ros2_ws/src/my_cpp_pkg/src/smartphone.cpp:8:9:[m[K [01;31m[Kerror: [m[Kâ€˜[01m[Ksubscriber[m[Kâ€™ was not declared in this scope; did you mean â€˜[01m[Ksubscriber_[m[Kâ€™?
[1.486s]     8 |         [01;31m[Ksubscriber[m[K = this->create_subscription<example_interfaces::msg::String>("robot_news", 10, std::bind(
[1.486s]       |         [01;31m[K^~~~~~~~~~[m[K
[1.486s]       |         [32m[Ksubscriber_[m[K
[2.862s] gmake[2]: *** [CMakeFiles/smartphone.dir/build.make:76: CMakeFiles/smartphone.dir/src/smartphone.cpp.o] Error 1
[2.862s] gmake[1]: *** [CMakeFiles/Makefile2:193: CMakeFiles/smartphone.dir/all] Error 2
[2.863s] gmake: *** [Makefile:146: all] Error 2
[2.865s] Invoked command in '/home/swapnil/ros2_ws/build/my_cpp_pkg' returned '2': CMAKE_PREFIX_PATH=${CMAKE_PREFIX_PATH}:/home/swapnil/ros2_ws/install/my_py_pkg:/opt/ros/humble /usr/bin/cmake --build /home/swapnil/ros2_ws/build/my_cpp_pkg -- -j7 -l7
