[35m[1mConsolidate compiler generated dependencies of target cpp_node[0m
[ 50%] [32mBuilding CXX object CMakeFiles/cpp_node.dir/src/my_first_node.cpp.o[0m
[01m[K/home/swapnil/ros2_ws/src/my_cpp_pkg/src/my_first_node.cpp:22:33:[m[K [01;31m[Kerror: [m[Kexpected unqualified-id before â€˜[01m[K.[m[Kâ€™ token
   22 |     rclcpp::TimerBase::SharedPtr[01;31m[K.[m[Ktimer_;
      |                                 [01;31m[K^[m[K
[01m[K/home/swapnil/ros2_ws/src/my_cpp_pkg/src/my_first_node.cpp:[m[K In constructor â€˜[01m[KMyNode::MyNode()[m[Kâ€™:
[01m[K/home/swapnil/ros2_ws/src/my_cpp_pkg/src/my_first_node.cpp:9:9:[m[K [01;31m[Kerror: [m[Kâ€˜[01m[Ktimer_[m[Kâ€™ was not declared in this scope; did you mean â€˜[01m[Ktimer_t[m[Kâ€™?
    9 |         [01;31m[Ktimer_[m[K = this.create__wall_timer(
      |         [01;31m[K^~~~~~[m[K
      |         [32m[Ktimer_t[m[K
[01m[K/home/swapnil/ros2_ws/src/my_cpp_pkg/src/my_first_node.cpp:9:23:[m[K [01;31m[Kerror: [m[Krequest for member â€˜[01m[Kcreate__wall_timer[m[Kâ€™ in â€˜[01m[K(MyNode*)this[m[Kâ€™, which is of pointer type â€˜[01m[KMyNode*[m[Kâ€™ (maybe you meant to use â€˜[01m[K->[m[Kâ€™ ?)
    9 |         timer_ = this.[01;31m[Kcreate__wall_timer[m[K(
      |                       [01;31m[K^~~~~~~~~~~~~~~~~~[m[K
gmake[2]: *** [CMakeFiles/cpp_node.dir/build.make:76: CMakeFiles/cpp_node.dir/src/my_first_node.cpp.o] Error 1
gmake[1]: *** [CMakeFiles/Makefile2:137: CMakeFiles/cpp_node.dir/all] Error 2
gmake: *** [Makefile:146: all] Error 2
