[0.034s] Invoking command in '/home/swapnil/ros2_ws/build/my_cpp_pkg': CMAKE_PREFIX_PATH=${CMAKE_PREFIX_PATH}:/home/swapnil/ros2_ws/install/my_py_pkg:/opt/ros/humble /usr/bin/cmake --build /home/swapnil/ros2_ws/build/my_cpp_pkg -- -j7 -l7
[0.107s] [35m[1mConsolidate compiler generated dependencies of target smartphone[0m
[0.139s] [ 33%] Built target cpp_node
[0.139s] [ 50%] [32mBuilding CXX object CMakeFiles/smartphone.dir/src/smartphone.cpp.o[0m
[0.149s] [ 83%] Built target robot_news_station
[1.516s] [01m[K/home/swapnil/ros2_ws/src/my_cpp_pkg/src/smartphone.cpp:[m[K In constructor â€˜[01m[KSmartphoneNode::SmartphoneNode()[m[Kâ€™:
[1.516s] [01m[K/home/swapnil/ros2_ws/src/my_cpp_pkg/src/smartphone.cpp:8:9:[m[K [01;31m[Kerror: [m[Kâ€˜[01m[Ksubscriber[m[Kâ€™ was not declared in this scope; did you mean â€˜[01m[Ksubscriber_[m[Kâ€™?
[1.516s]     8 |         [01;31m[Ksubscriber[m[K = this->create_subscription<example_interfaces::msg::String>("robot_news", 10, std::bind(
[1.516s]       |         [01;31m[K^~~~~~~~~~[m[K
[1.516s]       |         [32m[Ksubscriber_[m[K
[1.524s] [01m[K/home/swapnil/ros2_ws/src/my_cpp_pkg/src/smartphone.cpp:10:9:[m[K [01;31m[Kerror: [m[Kâ€˜[01m[KRCL_CPPINFO[m[Kâ€™ was not declared in this scope; did you mean â€˜[01m[KRCLCPP_INFO[m[Kâ€™?
[1.524s]    10 |         [01;31m[KRCL_CPPINFO[m[K(this->get_logger(), "Smarphone has been Started ..");
[1.524s]       |         [01;31m[K^~~~~~~~~~~[m[K
[1.524s]       |         [32m[KRCLCPP_INFO[m[K
[1.529s] [01m[K/home/swapnil/ros2_ws/src/my_cpp_pkg/src/smartphone.cpp:[m[K In member function â€˜[01m[Kvoid SmartphoneNode::callbackRobotNews(example_interfaces::msg::String_<std::allocator<void> >::SharedPtr)[m[Kâ€™:
[1.529s] [01m[K/home/swapnil/ros2_ws/src/my_cpp_pkg/src/smartphone.cpp:15:9:[m[K [01;31m[Kerror: [m[Kâ€˜[01m[KRCL_CPPINFO[m[Kâ€™ was not declared in this scope; did you mean â€˜[01m[KRCLCPP_INFO[m[Kâ€™?
[1.529s]    15 |         [01;31m[KRCL_CPPINFO[m[K(this->get_logger()," %s ",msg->data.c_str())
[1.529s]       |         [01;31m[K^~~~~~~~~~~[m[K
[1.529s]       |         [32m[KRCLCPP_INFO[m[K
[2.937s] gmake[2]: *** [CMakeFiles/smartphone.dir/build.make:76: CMakeFiles/smartphone.dir/src/smartphone.cpp.o] Error 1
[2.937s] gmake[1]: *** [CMakeFiles/Makefile2:193: CMakeFiles/smartphone.dir/all] Error 2
[2.937s] gmake: *** [Makefile:146: all] Error 2
[2.941s] Invoked command in '/home/swapnil/ros2_ws/build/my_cpp_pkg' returned '2': CMAKE_PREFIX_PATH=${CMAKE_PREFIX_PATH}:/home/swapnil/ros2_ws/install/my_py_pkg:/opt/ros/humble /usr/bin/cmake --build /home/swapnil/ros2_ws/build/my_cpp_pkg -- -j7 -l7
